[0;34mansible-playbook 2.10.8[0m
[0;34m  config file = /home/bpelaia/ansible/ansible-role-for-splunk/playbooks/ansible.cfg[0m
[0;34m  configured module search path = ['/home/bpelaia/.ansible/plugins/modules', '/usr/share/ansible/plugins/modules'][0m
[0;34m  ansible python module location = /usr/lib/python3/dist-packages/ansible[0m
[0;34m  executable location = /usr/bin/ansible-playbook[0m
[0;34m  python version = 3.10.12 (main, Nov 20 2023, 15:14:05) [GCC 11.4.0][0m
[0;34mUsing /home/bpelaia/ansible/ansible-role-for-splunk/playbooks/ansible.cfg as config file[0m
[0;34mhost_list declined parsing /home/bpelaia/ansible/ansible-role-for-splunk/environments/EAV/inventory-5M.yml as it did not pass its verify_file() method[0m
[0;34mParsed /home/bpelaia/ansible/ansible-role-for-splunk/environments/EAV/inventory-5M.yml inventory source with yaml plugin[0m
[0;34mredirecting (type: callback) ansible.builtin.debug to ansible.posix.debug[0m
[0;34mredirecting (type: callback) ansible.builtin.debug to ansible.posix.debug[0m
[0;34mSkipping callback 'default', as we already have a stdout callback.[0m
[0;34mSkipping callback 'minimal', as we already have a stdout callback.[0m
[0;34mSkipping callback 'oneline', as we already have a stdout callback.[0m

PLAYBOOK: 5m_hosts.yml *********************************************************
[0;34m1 plays in 5m_hosts.yml[0m

PLAY [all] *********************************************************************

TASK [Gathering Facts] *********************************************************
[1;30mtask path: /home/bpelaia/ansible/ansible-role-for-splunk/playbooks/5m_hosts.yml:3[0m
[0;34m<10.10.0.55> ESTABLISH PARAMIKO SSH CONNECTION FOR USER: user on PORT 22 TO 10.10.0.55[0m
[0;34m<10.10.0.55> EXEC /bin/sh -c 'echo ~user && sleep 0'[0m
[0;34m<10.10.0.55> EXEC /bin/sh -c '( umask 77 && mkdir -p "` echo /home/user/.ansible/tmp `"&& mkdir "` echo /home/user/.ansible/tmp/ansible-tmp-1704450767.498466-2035-225279972933585 `" && echo ansible-tmp-1704450767.498466-2035-225279972933585="` echo /home/user/.ansible/tmp/ansible-tmp-1704450767.498466-2035-225279972933585 `" ) && sleep 0'[0m
[0;34m<splunk-sh1> Attempting python interpreter discovery[0m
[0;34m<10.10.0.55> EXEC /bin/sh -c 'echo PLATFORM; uname; echo FOUND; command -v '"'"'/usr/bin/python'"'"'; command -v '"'"'python3.9'"'"'; command -v '"'"'python3.8'"'"'; command -v '"'"'python3.7'"'"'; command -v '"'"'python3.6'"'"'; command -v '"'"'python3.5'"'"'; command -v '"'"'python2.7'"'"'; command -v '"'"'python2.6'"'"'; command -v '"'"'/usr/libexec/platform-python'"'"'; command -v '"'"'/usr/bin/python3'"'"'; command -v '"'"'python'"'"'; echo ENDFOUND && sleep 0'[0m
[0;34m<splunk-sh1> Python interpreter discovery fallback (pipelining support required for extended interpreter discovery)[0m
[0;34mUsing module file /usr/lib/python3/dist-packages/ansible/modules/setup.py[0m
[0;34m<10.10.0.55> PUT /home/bpelaia/.ansible/tmp/ansible-local-2031bd201gvv/tmpn79sxm0p TO /home/user/.ansible/tmp/ansible-tmp-1704450767.498466-2035-225279972933585/AnsiballZ_setup.py[0m
[0;34m<10.10.0.55> EXEC /bin/sh -c 'chmod u+x /home/user/.ansible/tmp/ansible-tmp-1704450767.498466-2035-225279972933585/ /home/user/.ansible/tmp/ansible-tmp-1704450767.498466-2035-225279972933585/AnsiballZ_setup.py && sleep 0'[0m
[0;34m<10.10.0.55> EXEC /bin/sh -c '/usr/bin/python3.9 /home/user/.ansible/tmp/ansible-tmp-1704450767.498466-2035-225279972933585/AnsiballZ_setup.py && sleep 0'[0m
[0;34m<10.10.0.55> EXEC /bin/sh -c 'rm -f -r /home/user/.ansible/tmp/ansible-tmp-1704450767.498466-2035-225279972933585/ > /dev/null 2>&1 && sleep 0'[0m
[0;32mok: [splunk-sh1][0m
[0;34mMETA: ran handlers[0m

TASK [../roles/splunk : include distribution vars] *****************************
[1;30mtask path: /home/bpelaia/ansible/ansible-role-for-splunk/roles/splunk/tasks/main.yml:2[0m
[0;32mok: [splunk-sh1] => (item=/home/bpelaia/ansible/ansible-role-for-splunk/roles/splunk/vars/Debian.yml) => {[0m
[0;32m    "ansible_facts": {[0m
[0;32m        "firewall_service": "ufw",[0m
[0;32m        "global_bashrc": "/etc/bash.bashrc",[0m
[0;32m        "linux_packages": [[0m
[0;32m            "nload",[0m
[0;32m            "iotop",[0m
[0;32m            "iftop",[0m
[0;32m            "sysstat",[0m
[0;32m            "telnet",[0m
[0;32m            "tcpdump",[0m
[0;32m            "htop",[0m
[0;32m            "atop",[0m
[0;32m            "lsof",[0m
[0;32m            "policycoreutils",[0m
[0;32m            "nethogs",[0m
[0;32m            "gdb",[0m
[0;32m            "dnsutils"[0m
[0;32m        ],[0m
[0;32m        "logrotate_file": "/etc/logrotate.d/rsyslog"[0m
[0;32m    },[0m
[0;32m    "ansible_included_var_files": [[0m
[0;32m        "/home/bpelaia/ansible/ansible-role-for-splunk/roles/splunk/vars/Debian.yml"[0m
[0;32m    ],[0m
[0;32m    "ansible_loop_var": "item",[0m
[0;32m    "changed": false,[0m
[0;32m    "item": "/home/bpelaia/ansible/ansible-role-for-splunk/roles/splunk/vars/Debian.yml"[0m
[0;32m}[0m

TASK [../roles/splunk : Include prerequisites] *********************************
[1;30mtask path: /home/bpelaia/ansible/ansible-role-for-splunk/roles/splunk/tasks/main.yml:10[0m
[0;36mincluded: /home/bpelaia/ansible/ansible-role-for-splunk/roles/splunk/tasks/prereqs.yml for splunk-sh1[0m

TASK [../roles/splunk : install acl package] ***********************************
[1;30mtask path: /home/bpelaia/ansible/ansible-role-for-splunk/roles/splunk/tasks/prereqs.yml:2[0m
[0;34m<10.10.0.55> ESTABLISH PARAMIKO SSH CONNECTION FOR USER: user on PORT 22 TO 10.10.0.55[0m
[0;34m<10.10.0.55> EXEC /bin/sh -c 'echo ~user && sleep 0'[0m
[0;34m<10.10.0.55> EXEC /bin/sh -c '( umask 77 && mkdir -p "` echo /home/user/.ansible/tmp `"&& mkdir "` echo /home/user/.ansible/tmp/ansible-tmp-1704450768.767973-2043-171527490093308 `" && echo ansible-tmp-1704450768.767973-2043-171527490093308="` echo /home/user/.ansible/tmp/ansible-tmp-1704450768.767973-2043-171527490093308 `" ) && sleep 0'[0m
[0;34mUsing module file /usr/lib/python3/dist-packages/ansible/modules/apt.py[0m
[0;34m<10.10.0.55> PUT /home/bpelaia/.ansible/tmp/ansible-local-2031bd201gvv/tmpocevjrr5 TO /home/user/.ansible/tmp/ansible-tmp-1704450768.767973-2043-171527490093308/AnsiballZ_apt.py[0m
[0;34m<10.10.0.55> EXEC /bin/sh -c 'chmod u+x /home/user/.ansible/tmp/ansible-tmp-1704450768.767973-2043-171527490093308/ /home/user/.ansible/tmp/ansible-tmp-1704450768.767973-2043-171527490093308/AnsiballZ_apt.py && sleep 0'[0m
[0;34m<10.10.0.55> EXEC /bin/sh -c 'sudo -H -S -n  -u root /bin/sh -c '"'"'echo BECOME-SUCCESS-lanhfilsebtdweqmkqmtpqfymelkuxuq ; /usr/bin/python3.9 /home/user/.ansible/tmp/ansible-tmp-1704450768.767973-2043-171527490093308/AnsiballZ_apt.py'"'"' && sleep 0'[0m
[0;34m<10.10.0.55> EXEC /bin/sh -c 'rm -f -r /home/user/.ansible/tmp/ansible-tmp-1704450768.767973-2043-171527490093308/ > /dev/null 2>&1 && sleep 0'[0m
[0;32mok: [splunk-sh1] => {[0m
[0;32m    "cache_update_time": 1703688672,[0m
[0;32m    "cache_updated": false,[0m
[0;32m    "changed": false,[0m
[0;32m    "invocation": {[0m
[0;32m        "module_args": {[0m
[0;32m            "allow_unauthenticated": false,[0m
[0;32m            "autoclean": false,[0m
[0;32m            "autoremove": false,[0m
[0;32m            "cache_valid_time": 0,[0m
[0;32m            "deb": null,[0m
[0;32m            "default_release": null,[0m
[0;32m            "dpkg_options": "force-confdef,force-confold",[0m
[0;32m            "force": false,[0m
[0;32m            "force_apt_get": false,[0m
[0;32m            "install_recommends": null,[0m
[0;32m            "name": "acl",[0m
[0;32m            "only_upgrade": false,[0m
[0;32m            "package": [[0m
[0;32m                "acl"[0m
[0;32m            ],[0m
[0;32m            "policy_rc_d": null,[0m
[0;32m            "purge": false,[0m
[0;32m            "state": "present",[0m
[0;32m            "update_cache": null,[0m
[0;32m            "update_cache_retries": 5,[0m
[0;32m            "update_cache_retry_max_delay": 12,[0m
[0;32m            "upgrade": null[0m
[0;32m        }[0m
[0;32m    }[0m
[0;32m}[0m

TASK [../roles/splunk : Reset value of start_splunk_handler_fired and configure_boot_start] ***
[1;30mtask path: /home/bpelaia/ansible/ansible-role-for-splunk/roles/splunk/tasks/main.yml:13[0m
[0;32mok: [splunk-sh1] => {[0m
[0;32m    "ansible_facts": {[0m
[0;32m        "configure_boot_start": false,[0m
[0;32m        "start_splunk_handler_fired": false[0m
[0;32m    },[0m
[0;32m    "changed": false[0m
[0;32m}[0m

TASK [../roles/splunk : Set boot-start method to systemd] **********************
[1;30mtask path: /home/bpelaia/ansible/ansible-role-for-splunk/roles/splunk/tasks/main.yml:20[0m
[0;32mok: [splunk-sh1] => {[0m
[0;32m    "ansible_facts": {[0m
[0;32m        "desired_start_method": "systemd"[0m
[0;32m    },[0m
[0;32m    "changed": false[0m
[0;32m}[0m

TASK [../roles/splunk : Set boot-start method to initd] ************************
[1;30mtask path: /home/bpelaia/ansible/ansible-role-for-splunk/roles/splunk/tasks/main.yml:27[0m
[0;36mskipping: [splunk-sh1] => {[0m
[0;36m    "changed": false,[0m
[0;36m    "skip_reason": "Conditional result was False"[0m
[0;36m}[0m

TASK [../roles/splunk : Configure vars for full package] ***********************
[1;30mtask path: /home/bpelaia/ansible/ansible-role-for-splunk/roles/splunk/tasks/main.yml:34[0m
[0;32mok: [splunk-sh1] => {[0m
[0;32m    "ansible_facts": {[0m
[0;32m        "splunk_home": "/opt/splunk",[0m
[0;32m        "splunk_install_type": "full",[0m
[0;32m        "splunk_package_url": "https://download.splunk.com/products/splunk/releases/9.1.2/linux/splunk-9.1.2-b6b9c8185839-Linux-x86_64.tgz",[0m
[0;32m        "splunk_product": "Splunk",[0m
[0;32m        "systemd_unit": "Splunkd"[0m
[0;32m    },[0m
[0;32m    "changed": false[0m
[0;32m}[0m

TASK [../roles/splunk : Configure var for splunk systemd service handler] ******
[1;30mtask path: /home/bpelaia/ansible/ansible-role-for-splunk/roles/splunk/tasks/main.yml:44[0m
[0;32mok: [splunk-sh1] => {[0m
[0;32m    "ansible_facts": {[0m
[0;32m        "splunk_service": "Splunkd"[0m
[0;32m    },[0m
[0;32m    "changed": false[0m
[0;32m}[0m

TASK [../roles/splunk : Configure vars for uf package] *************************
[1;30mtask path: /home/bpelaia/ansible/ansible-role-for-splunk/roles/splunk/tasks/main.yml:53[0m
[0;36mskipping: [splunk-sh1] => {[0m
[0;36m    "changed": false,[0m
[0;36m    "skip_reason": "Conditional result was False"[0m
[0;36m}[0m

TASK [../roles/splunk : Setting least priviledged mode] ************************
[1;30mtask path: /home/bpelaia/ansible/ansible-role-for-splunk/roles/splunk/tasks/main.yml:63[0m
[0;36mskipping: [splunk-sh1] => {[0m
[0;36m    "changed": false,[0m
[0;36m    "skip_reason": "Conditional result was False"[0m
[0;36m}[0m

TASK [../roles/splunk : Configure var for splunkforwarder systemd service handler] ***
[1;30mtask path: /home/bpelaia/ansible/ansible-role-for-splunk/roles/splunk/tasks/main.yml:70[0m
[0;36mskipping: [splunk-sh1] => {[0m
[0;36m    "changed": false,[0m
[0;36m    "skip_reason": "Conditional result was False"[0m
[0;36m}[0m

TASK [../roles/splunk : Configure var for splunk init.d service handler] *******
[1;30mtask path: /home/bpelaia/ansible/ansible-role-for-splunk/roles/splunk/tasks/main.yml:78[0m
[0;36mskipping: [splunk-sh1] => {[0m
[0;36m    "changed": false,[0m
[0;36m    "skip_reason": "Conditional result was False"[0m
[0;36m}[0m

TASK [../roles/splunk : Check if Splunk is installed] **************************
[1;30mtask path: /home/bpelaia/ansible/ansible-role-for-splunk/roles/splunk/tasks/main.yml:83[0m
[0;34m<10.10.0.55> ESTABLISH PARAMIKO SSH CONNECTION FOR USER: user on PORT 22 TO 10.10.0.55[0m
[0;34m<10.10.0.55> EXEC /bin/sh -c 'echo ~user && sleep 0'[0m
[0;34m<10.10.0.55> EXEC /bin/sh -c '( umask 77 && mkdir -p "` echo /home/user/.ansible/tmp `"&& mkdir "` echo /home/user/.ansible/tmp/ansible-tmp-1704450770.068694-2065-162592544311345 `" && echo ansible-tmp-1704450770.068694-2065-162592544311345="` echo /home/user/.ansible/tmp/ansible-tmp-1704450770.068694-2065-162592544311345 `" ) && sleep 0'[0m
[0;34mUsing module file /usr/lib/python3/dist-packages/ansible/modules/stat.py[0m
[0;34m<10.10.0.55> PUT /home/bpelaia/.ansible/tmp/ansible-local-2031bd201gvv/tmp9vrjhncj TO /home/user/.ansible/tmp/ansible-tmp-1704450770.068694-2065-162592544311345/AnsiballZ_stat.py[0m
[0;34m<10.10.0.55> EXEC /bin/sh -c 'chmod u+x /home/user/.ansible/tmp/ansible-tmp-1704450770.068694-2065-162592544311345/ /home/user/.ansible/tmp/ansible-tmp-1704450770.068694-2065-162592544311345/AnsiballZ_stat.py && sleep 0'[0m
[0;34m<10.10.0.55> EXEC /bin/sh -c 'sudo -H -S -n  -u root /bin/sh -c '"'"'echo BECOME-SUCCESS-zlvrwsrilddokwbkjgpikberlgbwyxqg ; /usr/bin/python3.9 /home/user/.ansible/tmp/ansible-tmp-1704450770.068694-2065-162592544311345/AnsiballZ_stat.py'"'"' && sleep 0'[0m
[0;34m<10.10.0.55> EXEC /bin/sh -c 'rm -f -r /home/user/.ansible/tmp/ansible-tmp-1704450770.068694-2065-162592544311345/ > /dev/null 2>&1 && sleep 0'[0m
[0;32mok: [splunk-sh1] => {[0m
[0;32m    "changed": false,[0m
[0;32m    "invocation": {[0m
[0;32m        "module_args": {[0m
[0;32m            "checksum_algorithm": "sha1",[0m
[0;32m            "follow": true,[0m
[0;32m            "get_attributes": true,[0m
[0;32m            "get_checksum": true,[0m
[0;32m            "get_md5": false,[0m
[0;32m            "get_mime": true,[0m
[0;32m            "path": "/opt/splunk/bin/splunk"[0m
[0;32m        }[0m
[0;32m    },[0m
[0;32m    "stat": {[0m
[0;32m        "exists": false[0m
[0;32m    }[0m
[0;32m}[0m

TASK [../roles/splunk : Check if active boot-start configuration is systemd] ***
[1;30mtask path: /home/bpelaia/ansible/ansible-role-for-splunk/roles/splunk/tasks/main.yml:93[0m
[0;36mskipping: [splunk-sh1] => {[0m
[0;36m    "changed": false,[0m
[0;36m    "skip_reason": "Conditional result was False"[0m
[0;36m}[0m

TASK [../roles/splunk : Set current_start_method var to systemd if systemd is being used for splunk] ***
[1;30mtask path: /home/bpelaia/ansible/ansible-role-for-splunk/roles/splunk/tasks/main.yml:100[0m
[0;36mskipping: [splunk-sh1] => {[0m
[0;36m    "changed": false,[0m
[0;36m    "skip_reason": "Conditional result was False"[0m
[0;36m}[0m

TASK [../roles/splunk : Check if active boot-start method is init.d] ***********
[1;30mtask path: /home/bpelaia/ansible/ansible-role-for-splunk/roles/splunk/tasks/main.yml:105[0m
[0;36mskipping: [splunk-sh1] => {[0m
[0;36m    "changed": false,[0m
[0;36m    "skip_reason": "Conditional result was False"[0m
[0;36m}[0m

TASK [../roles/splunk : Set current_start_method to initd if initd is being used for splunk] ***
[1;30mtask path: /home/bpelaia/ansible/ansible-role-for-splunk/roles/splunk/tasks/main.yml:112[0m
[0;36mskipping: [splunk-sh1] => {[0m
[0;36m    "changed": false,[0m
[0;36m    "skip_reason": "Conditional result was False"[0m
[0;36m}[0m

TASK [../roles/splunk : set current_start_method to disabled if boot-start is disabled] ***
[1;30mtask path: /home/bpelaia/ansible/ansible-role-for-splunk/roles/splunk/tasks/main.yml:117[0m
[0;36mskipping: [splunk-sh1] => {[0m
[0;36m    "changed": false,[0m
[0;36m    "skip_reason": "Conditional result was False"[0m
[0;36m}[0m

TASK [../roles/splunk : Set boot-start misconfigured var] **********************
[1;30mtask path: /home/bpelaia/ansible/ansible-role-for-splunk/roles/splunk/tasks/main.yml:122[0m
[0;32mok: [splunk-sh1] => {[0m
[0;32m    "ansible_facts": {[0m
[0;32m        "configure_boot_start": true[0m
[0;32m    },[0m
[0;32m    "changed": false[0m
[0;32m}[0m

TASK [../roles/splunk : Fail the play if the currently configured boot-start method does match the expected state or boot-start is not enabled] ***
[1;30mtask path: /home/bpelaia/ansible/ansible-role-for-splunk/roles/splunk/tasks/main.yml:130[0m
[0;36mskipping: [splunk-sh1] => {[0m
[0;36m    "changed": false,[0m
[0;36m    "skip_reason": "Conditional result was False"[0m
[0;36m}[0m

TASK [../roles/splunk : Send Slack messages] ***********************************
[1;30mtask path: /home/bpelaia/ansible/ansible-role-for-splunk/roles/splunk/tasks/main.yml:141[0m
[0;36mskipping: [splunk-sh1] => {[0m
[0;36m    "changed": false,[0m
[0;36m    "skip_reason": "Conditional result was False"[0m
[0;36m}[0m

TASK [../roles/splunk : Include the specified task file] ***********************
[1;30mtask path: /home/bpelaia/ansible/ansible-role-for-splunk/roles/splunk/tasks/main.yml:149[0m
[0;34mredirecting (type: modules) ansible.builtin.timezone to community.general.timezone[0m
[0;36mincluded: /home/bpelaia/ansible/ansible-role-for-splunk/roles/splunk/tasks/5m_eav.yml for splunk-sh1[0m

TASK [../roles/splunk : Set timezone to Europe/Rome] ***************************
[1;30mtask path: /home/bpelaia/ansible/ansible-role-for-splunk/roles/splunk/tasks/5m_eav.yml:2[0m
[0;34m<10.10.0.55> ESTABLISH PARAMIKO SSH CONNECTION FOR USER: user on PORT 22 TO 10.10.0.55[0m
[0;34m<10.10.0.55> EXEC /bin/sh -c 'echo ~user && sleep 0'[0m
[0;34m<10.10.0.55> EXEC /bin/sh -c '( umask 77 && mkdir -p "` echo /home/user/.ansible/tmp `"&& mkdir "` echo /home/user/.ansible/tmp/ansible-tmp-1704450770.8878295-2087-214374933042607 `" && echo ansible-tmp-1704450770.8878295-2087-214374933042607="` echo /home/user/.ansible/tmp/ansible-tmp-1704450770.8878295-2087-214374933042607 `" ) && sleep 0'[0m
[0;34mredirecting (type: modules) ansible.builtin.timezone to community.general.timezone[0m
[0;34mUsing module file /usr/lib/python3/dist-packages/ansible_collections/community/general/plugins/modules/timezone.py[0m
[0;34m<10.10.0.55> PUT /home/bpelaia/.ansible/tmp/ansible-local-2031bd201gvv/tmphyjfc773 TO /home/user/.ansible/tmp/ansible-tmp-1704450770.8878295-2087-214374933042607/AnsiballZ_timezone.py[0m
[0;34m<10.10.0.55> EXEC /bin/sh -c 'chmod u+x /home/user/.ansible/tmp/ansible-tmp-1704450770.8878295-2087-214374933042607/ /home/user/.ansible/tmp/ansible-tmp-1704450770.8878295-2087-214374933042607/AnsiballZ_timezone.py && sleep 0'[0m
[0;34m<10.10.0.55> EXEC /bin/sh -c '/usr/bin/python3.9 /home/user/.ansible/tmp/ansible-tmp-1704450770.8878295-2087-214374933042607/AnsiballZ_timezone.py && sleep 0'[0m
[0;34m<10.10.0.55> EXEC /bin/sh -c 'rm -f -r /home/user/.ansible/tmp/ansible-tmp-1704450770.8878295-2087-214374933042607/ > /dev/null 2>&1 && sleep 0'[0m
[0;32mok: [splunk-sh1] => {[0m
[0;32m    "changed": false,[0m
[0;32m    "diff": {[0m
[0;32m        "after": {[0m
[0;32m            "name": "Europe/Rome"[0m
[0;32m        },[0m
[0;32m        "before": {[0m
[0;32m            "name": "Europe/Rome"[0m
[0;32m        }[0m
[0;32m    },[0m
[0;32m    "invocation": {[0m
[0;32m        "module_args": {[0m
[0;32m            "hwclock": null,[0m
[0;32m            "name": "Europe/Rome"[0m
[0;32m        }[0m
[0;32m    }[0m
[0;32m}[0m

TASK [../roles/splunk : Update /etc/hosts] *************************************
[1;30mtask path: /home/bpelaia/ansible/ansible-role-for-splunk/roles/splunk/tasks/5m_eav.yml:6[0m
[0;36mincluded: /home/bpelaia/ansible/ansible-role-for-splunk/roles/splunk/tasks/5m_configure_hosts.yml for splunk-sh1[0m

TASK [../roles/splunk : Update the /etc/hosts file with node name] *************
[1;30mtask path: /home/bpelaia/ansible/ansible-role-for-splunk/roles/splunk/tasks/5m_configure_hosts.yml:2[0m
[0;34m<10.10.0.55> ESTABLISH PARAMIKO SSH CONNECTION FOR USER: user on PORT 22 TO 10.10.0.55[0m
[0;34m<10.10.0.55> EXEC /bin/sh -c 'echo ~user && sleep 0'[0m
[0;34m<10.10.0.55> EXEC /bin/sh -c '( umask 77 && mkdir -p "` echo /home/user/.ansible/tmp `"&& mkdir "` echo /home/user/.ansible/tmp/ansible-tmp-1704450771.7072737-2093-146094419856295 `" && echo ansible-tmp-1704450771.7072737-2093-146094419856295="` echo /home/user/.ansible/tmp/ansible-tmp-1704450771.7072737-2093-146094419856295 `" ) && sleep 0'[0m
[0;34mUsing module file /usr/lib/python3/dist-packages/ansible/modules/lineinfile.py[0m
[0;34m<10.10.0.55> PUT /home/bpelaia/.ansible/tmp/ansible-local-2031bd201gvv/tmp6iw6o53d TO /home/user/.ansible/tmp/ansible-tmp-1704450771.7072737-2093-146094419856295/AnsiballZ_lineinfile.py[0m
[0;34m<10.10.0.55> EXEC /bin/sh -c 'chmod u+x /home/user/.ansible/tmp/ansible-tmp-1704450771.7072737-2093-146094419856295/ /home/user/.ansible/tmp/ansible-tmp-1704450771.7072737-2093-146094419856295/AnsiballZ_lineinfile.py && sleep 0'[0m
[0;34m<10.10.0.55> EXEC /bin/sh -c 'sudo -H -S -n  -u root /bin/sh -c '"'"'echo BECOME-SUCCESS-mzigeccdvwdlrbuhtkprwruloqiomgth ; /usr/bin/python3.9 /home/user/.ansible/tmp/ansible-tmp-1704450771.7072737-2093-146094419856295/AnsiballZ_lineinfile.py'"'"' && sleep 0'[0m
[0;34m<10.10.0.55> EXEC /bin/sh -c 'rm -f -r /home/user/.ansible/tmp/ansible-tmp-1704450771.7072737-2093-146094419856295/ > /dev/null 2>&1 && sleep 0'[0m
[0;32mok: [splunk-sh1] => (item=splunk-cm) => {[0m
[0;32m    "ansible_loop_var": "item",[0m
[0;32m    "backup": "",[0m
[0;32m    "changed": false,[0m
[0;32m    "diff": [[0m
[0;32m        {[0m
[0;32m            "after": "",[0m
[0;32m            "after_header": "/etc/hosts (content)",[0m
[0;32m            "before": "",[0m
[0;32m            "before_header": "/etc/hosts (content)"[0m
[0;32m        },[0m
[0;32m        {[0m
[0;32m            "after_header": "/etc/hosts (file attributes)",[0m
[0;32m            "before_header": "/etc/hosts (file attributes)"[0m
[0;32m        }[0m
[0;32m    ],[0m
[0;32m    "invocation": {[0m
[0;32m        "module_args": {[0m
[0;32m            "attributes": null,[0m
[0;32m            "backrefs": false,[0m
[0;32m            "backup": true,[0m
[0;32m            "create": false,[0m
[0;32m            "firstmatch": false,[0m
[0;32m            "group": null,[0m
[0;32m            "insertafter": null,[0m
[0;32m            "insertbefore": null,[0m
[0;32m            "line": "10.10.0.51\tsplunk-cm",[0m
[0;32m            "mode": null,[0m
[0;32m            "owner": null,[0m
[0;32m            "path": "/etc/hosts",[0m
[0;32m            "regexp": ".*\tsplunk-cm",[0m
[0;32m            "selevel": null,[0m
[0;32m            "serole": null,[0m
[0;32m            "setype": null,[0m
[0;32m            "seuser": null,[0m
[0;32m            "state": "present",[0m
[0;32m            "unsafe_writes": false,[0m
[0;32m            "validate": null[0m
[0;32m        }[0m
[0;32m    },[0m
[0;32m    "item": "splunk-cm"[0m
[0;32m}[0m
[0;34m<10.10.0.55> EXEC /bin/sh -c 'echo ~user && sleep 0'[0m
[0;34m<10.10.0.55> EXEC /bin/sh -c '( umask 77 && mkdir -p "` echo /home/user/.ansible/tmp `"&& mkdir "` echo /home/user/.ansible/tmp/ansible-tmp-1704450772.1937668-2093-243097788930375 `" && echo ansible-tmp-1704450772.1937668-2093-243097788930375="` echo /home/user/.ansible/tmp/ansible-tmp-1704450772.1937668-2093-243097788930375 `" ) && sleep 0'[0m
[0;34mUsing module file /usr/lib/python3/dist-packages/ansible/modules/lineinfile.py[0m
[0;34m<10.10.0.55> PUT /home/bpelaia/.ansible/tmp/ansible-local-2031bd201gvv/tmpx9p86ufo TO /home/user/.ansible/tmp/ansible-tmp-1704450772.1937668-2093-243097788930375/AnsiballZ_lineinfile.py[0m
[0;34m<10.10.0.55> EXEC /bin/sh -c 'chmod u+x /home/user/.ansible/tmp/ansible-tmp-1704450772.1937668-2093-243097788930375/ /home/user/.ansible/tmp/ansible-tmp-1704450772.1937668-2093-243097788930375/AnsiballZ_lineinfile.py && sleep 0'[0m
[0;34m<10.10.0.55> EXEC /bin/sh -c 'sudo -H -S -n  -u root /bin/sh -c '"'"'echo BECOME-SUCCESS-jakbizdgncuhpedbaqgqqhrfgdwjedqr ; /usr/bin/python3.9 /home/user/.ansible/tmp/ansible-tmp-1704450772.1937668-2093-243097788930375/AnsiballZ_lineinfile.py'"'"' && sleep 0'[0m
[0;34m<10.10.0.55> EXEC /bin/sh -c 'rm -f -r /home/user/.ansible/tmp/ansible-tmp-1704450772.1937668-2093-243097788930375/ > /dev/null 2>&1 && sleep 0'[0m
[0;32mok: [splunk-sh1] => (item=splunk-sd) => {[0m
[0;32m    "ansible_loop_var": "item",[0m
[0;32m    "backup": "",[0m
[0;32m    "changed": false,[0m
[0;32m    "diff": [[0m
[0;32m        {[0m
[0;32m            "after": "",[0m
[0;32m            "after_header": "/etc/hosts (content)",[0m
[0;32m            "before": "",[0m
[0;32m            "before_header": "/etc/hosts (content)"[0m
[0;32m        },[0m
[0;32m        {[0m
[0;32m            "after_header": "/etc/hosts (file attributes)",[0m
[0;32m            "before_header": "/etc/hosts (file attributes)"[0m
[0;32m        }[0m
[0;32m    ],[0m
[0;32m    "invocation": {[0m
[0;32m        "module_args": {[0m
[0;32m            "attributes": null,[0m
[0;32m            "backrefs": false,[0m
[0;32m            "backup": true,[0m
[0;32m            "create": false,[0m
[0;32m            "firstmatch": false,[0m
[0;32m            "group": null,[0m
[0;32m            "insertafter": null,[0m
[0;32m            "insertbefore": null,[0m
[0;32m            "line": "10.10.0.50\tsplunk-sd",[0m
[0;32m            "mode": null,[0m
[0;32m            "owner": null,[0m
[0;32m            "path": "/etc/hosts",[0m
[0;32m            "regexp": ".*\tsplunk-sd",[0m
[0;32m            "selevel": null,[0m
[0;32m            "serole": null,[0m
[0;32m            "setype": null,[0m
[0;32m            "seuser": null,[0m
[0;32m            "state": "present",[0m
[0;32m            "unsafe_writes": false,[0m
[0;32m            "validate": null[0m
[0;32m        }[0m
[0;32m    },[0m
[0;32m    "item": "splunk-sd"[0m
[0;32m}[0m
[0;34m<10.10.0.55> EXEC /bin/sh -c 'echo ~user && sleep 0'[0m
[0;34m<10.10.0.55> EXEC /bin/sh -c '( umask 77 && mkdir -p "` echo /home/user/.ansible/tmp `"&& mkdir "` echo /home/user/.ansible/tmp/ansible-tmp-1704450772.6568942-2093-109536645292723 `" && echo ansible-tmp-1704450772.6568942-2093-109536645292723="` echo /home/user/.ansible/tmp/ansible-tmp-1704450772.6568942-2093-109536645292723 `" ) && sleep 0'[0m
[0;34mUsing module file /usr/lib/python3/dist-packages/ansible/modules/lineinfile.py[0m
[0;34m<10.10.0.55> PUT /home/bpelaia/.ansible/tmp/ansible-local-2031bd201gvv/tmppl3n8jb3 TO /home/user/.ansible/tmp/ansible-tmp-1704450772.6568942-2093-109536645292723/AnsiballZ_lineinfile.py[0m
[0;34m<10.10.0.55> EXEC /bin/sh -c 'chmod u+x /home/user/.ansible/tmp/ansible-tmp-1704450772.6568942-2093-109536645292723/ /home/user/.ansible/tmp/ansible-tmp-1704450772.6568942-2093-109536645292723/AnsiballZ_lineinfile.py && sleep 0'[0m
[0;34m<10.10.0.55> EXEC /bin/sh -c 'sudo -H -S -n  -u root /bin/sh -c '"'"'echo BECOME-SUCCESS-hnfkwsuzzzxdpfwiivahbgbactypycuo ; /usr/bin/python3.9 /home/user/.ansible/tmp/ansible-tmp-1704450772.6568942-2093-109536645292723/AnsiballZ_lineinfile.py'"'"' && sleep 0'[0m
[0;34m<10.10.0.55> EXEC /bin/sh -c 'rm -f -r /home/user/.ansible/tmp/ansible-tmp-1704450772.6568942-2093-109536645292723/ > /dev/null 2>&1 && sleep 0'[0m
[0;32mok: [splunk-sh1] => (item=splunk-idx1) => {[0m
[0;32m    "ansible_loop_var": "item",[0m
[0;32m    "backup": "",[0m
[0;32m    "changed": false,[0m
[0;32m    "diff": [[0m
[0;32m        {[0m
[0;32m            "after": "",[0m
[0;32m            "after_header": "/etc/hosts (content)",[0m
[0;32m            "before": "",[0m
[0;32m            "before_header": "/etc/hosts (content)"[0m
[0;32m        },[0m
[0;32m        {[0m
[0;32m            "after_header": "/etc/hosts (file attributes)",[0m
[0;32m            "before_header": "/etc/hosts (file attributes)"[0m
[0;32m        }[0m
[0;32m    ],[0m
[0;32m    "invocation": {[0m
[0;32m        "module_args": {[0m
[0;32m            "attributes": null,[0m
[0;32m            "backrefs": false,[0m
[0;32m            "backup": true,[0m
[0;32m            "create": false,[0m
[0;32m            "firstmatch": false,[0m
[0;32m            "group": null,[0m
[0;32m            "insertafter": null,[0m
[0;32m            "insertbefore": null,[0m
[0;32m            "line": "10.10.0.52\tsplunk-idx1",[0m
[0;32m            "mode": null,[0m
[0;32m            "owner": null,[0m
[0;32m            "path": "/etc/hosts",[0m
[0;32m            "regexp": ".*\tsplunk-idx1",[0m
[0;32m            "selevel": null,[0m
[0;32m            "serole": null,[0m
[0;32m            "setype": null,[0m
[0;32m            "seuser": null,[0m
[0;32m            "state": "present",[0m
[0;32m            "unsafe_writes": false,[0m
[0;32m            "validate": null[0m
[0;32m        }[0m
[0;32m    },[0m
[0;32m    "item": "splunk-idx1"[0m
[0;32m}[0m
[0;34m<10.10.0.55> EXEC /bin/sh -c 'echo ~user && sleep 0'[0m
[0;34m<10.10.0.55> EXEC /bin/sh -c '( umask 77 && mkdir -p "` echo /home/user/.ansible/tmp `"&& mkdir "` echo /home/user/.ansible/tmp/ansible-tmp-1704450773.1614716-2093-135343160895264 `" && echo ansible-tmp-1704450773.1614716-2093-135343160895264="` echo /home/user/.ansible/tmp/ansible-tmp-1704450773.1614716-2093-135343160895264 `" ) && sleep 0'[0m
[0;34mUsing module file /usr/lib/python3/dist-packages/ansible/modules/lineinfile.py[0m
[0;34m<10.10.0.55> PUT /home/bpelaia/.ansible/tmp/ansible-local-2031bd201gvv/tmpeie2tpu1 TO /home/user/.ansible/tmp/ansible-tmp-1704450773.1614716-2093-135343160895264/AnsiballZ_lineinfile.py[0m
[0;34m<10.10.0.55> EXEC /bin/sh -c 'chmod u+x /home/user/.ansible/tmp/ansible-tmp-1704450773.1614716-2093-135343160895264/ /home/user/.ansible/tmp/ansible-tmp-1704450773.1614716-2093-135343160895264/AnsiballZ_lineinfile.py && sleep 0'[0m
[0;34m<10.10.0.55> EXEC /bin/sh -c 'sudo -H -S -n  -u root /bin/sh -c '"'"'echo BECOME-SUCCESS-vmsqjqdjgmlelgynnneipcajskdakpft ; /usr/bin/python3.9 /home/user/.ansible/tmp/ansible-tmp-1704450773.1614716-2093-135343160895264/AnsiballZ_lineinfile.py'"'"' && sleep 0'[0m
[0;34m<10.10.0.55> EXEC /bin/sh -c 'rm -f -r /home/user/.ansible/tmp/ansible-tmp-1704450773.1614716-2093-135343160895264/ > /dev/null 2>&1 && sleep 0'[0m
[0;32mok: [splunk-sh1] => (item=splunk-idx2) => {[0m
[0;32m    "ansible_loop_var": "item",[0m
[0;32m    "backup": "",[0m
[0;32m    "changed": false,[0m
[0;32m    "diff": [[0m
[0;32m        {[0m
[0;32m            "after": "",[0m
[0;32m            "after_header": "/etc/hosts (content)",[0m
[0;32m            "before": "",[0m
[0;32m            "before_header": "/etc/hosts (content)"[0m
[0;32m        },[0m
[0;32m        {[0m
[0;32m            "after_header": "/etc/hosts (file attributes)",[0m
[0;32m            "before_header": "/etc/hosts (file attributes)"[0m
[0;32m        }[0m
[0;32m    ],[0m
[0;32m    "invocation": {[0m
[0;32m        "module_args": {[0m
[0;32m            "attributes": null,[0m
[0;32m            "backrefs": false,[0m
[0;32m            "backup": true,[0m
[0;32m            "create": false,[0m
[0;32m            "firstmatch": false,[0m
[0;32m            "group": null,[0m
[0;32m            "insertafter": null,[0m
[0;32m            "insertbefore": null,[0m
[0;32m            "line": "10.10.0.53\tsplunk-idx2",[0m
[0;32m            "mode": null,[0m
[0;32m            "owner": null,[0m
[0;32m            "path": "/etc/hosts",[0m
[0;32m            "regexp": ".*\tsplunk-idx2",[0m
[0;32m            "selevel": null,[0m
[0;32m            "serole": null,[0m
[0;32m            "setype": null,[0m
[0;32m            "seuser": null,[0m
[0;32m            "state": "present",[0m
[0;32m            "unsafe_writes": false,[0m
[0;32m            "validate": null[0m
[0;32m        }[0m
[0;32m    },[0m
[0;32m    "item": "splunk-idx2"[0m
[0;32m}[0m
[0;34m<10.10.0.55> EXEC /bin/sh -c 'echo ~user && sleep 0'[0m
[0;34m<10.10.0.55> EXEC /bin/sh -c '( umask 77 && mkdir -p "` echo /home/user/.ansible/tmp `"&& mkdir "` echo /home/user/.ansible/tmp/ansible-tmp-1704450773.628956-2093-54498061607040 `" && echo ansible-tmp-1704450773.628956-2093-54498061607040="` echo /home/user/.ansible/tmp/ansible-tmp-1704450773.628956-2093-54498061607040 `" ) && sleep 0'[0m
[0;34mUsing module file /usr/lib/python3/dist-packages/ansible/modules/lineinfile.py[0m
[0;34m<10.10.0.55> PUT /home/bpelaia/.ansible/tmp/ansible-local-2031bd201gvv/tmpdae17twb TO /home/user/.ansible/tmp/ansible-tmp-1704450773.628956-2093-54498061607040/AnsiballZ_lineinfile.py[0m
[0;34m<10.10.0.55> EXEC /bin/sh -c 'chmod u+x /home/user/.ansible/tmp/ansible-tmp-1704450773.628956-2093-54498061607040/ /home/user/.ansible/tmp/ansible-tmp-1704450773.628956-2093-54498061607040/AnsiballZ_lineinfile.py && sleep 0'[0m
[0;34m<10.10.0.55> EXEC /bin/sh -c 'sudo -H -S -n  -u root /bin/sh -c '"'"'echo BECOME-SUCCESS-eeltyfdlrlkepukztkxgnkhxucbffncm ; /usr/bin/python3.9 /home/user/.ansible/tmp/ansible-tmp-1704450773.628956-2093-54498061607040/AnsiballZ_lineinfile.py'"'"' && sleep 0'[0m
[0;34m<10.10.0.55> EXEC /bin/sh -c 'rm -f -r /home/user/.ansible/tmp/ansible-tmp-1704450773.628956-2093-54498061607040/ > /dev/null 2>&1 && sleep 0'[0m
[0;32mok: [splunk-sh1] => (item=splunk-hf) => {[0m
[0;32m    "ansible_loop_var": "item",[0m
[0;32m    "backup": "",[0m
[0;32m    "changed": false,[0m
[0;32m    "diff": [[0m
[0;32m        {[0m
[0;32m            "after": "",[0m
[0;32m            "after_header": "/etc/hosts (content)",[0m
[0;32m            "before": "",[0m
[0;32m            "before_header": "/etc/hosts (content)"[0m
[0;32m        },[0m
[0;32m        {[0m
[0;32m            "after_header": "/etc/hosts (file attributes)",[0m
[0;32m            "before_header": "/etc/hosts (file attributes)"[0m
[0;32m        }[0m
[0;32m    ],[0m
[0;32m    "invocation": {[0m
[0;32m        "module_args": {[0m
[0;32m            "attributes": null,[0m
[0;32m            "backrefs": false,[0m
[0;32m            "backup": true,[0m
[0;32m            "create": false,[0m
[0;32m            "firstmatch": false,[0m
[0;32m            "group": null,[0m
[0;32m            "insertafter": null,[0m
[0;32m            "insertbefore": null,[0m
[0;32m            "line": "10.10.0.59\tsplunk-hf",[0m
[0;32m            "mode": null,[0m
[0;32m            "owner": null,[0m
[0;32m            "path": "/etc/hosts",[0m
[0;32m            "regexp": ".*\tsplunk-hf",[0m
[0;32m            "selevel": null,[0m
[0;32m            "serole": null,[0m
[0;32m            "setype": null,[0m
[0;32m            "seuser": null,[0m
[0;32m            "state": "present",[0m
[0;32m            "unsafe_writes": false,[0m
[0;32m            "validate": null[0m
[0;32m        }[0m
[0;32m    },[0m
[0;32m    "item": "splunk-hf"[0m
[0;32m}[0m
[0;36mskipping: [splunk-sh1] => (item=splunk-sh1)  => {[0m
[0;36m    "ansible_loop_var": "item",[0m
[0;36m    "changed": false,[0m
[0;36m    "item": "splunk-sh1",[0m
[0;36m    "skip_reason": "Conditional result was False"[0m
[0;36m}[0m
[0;34m<10.10.0.55> EXEC /bin/sh -c 'echo ~user && sleep 0'[0m
[0;34m<10.10.0.55> EXEC /bin/sh -c '( umask 77 && mkdir -p "` echo /home/user/.ansible/tmp `"&& mkdir "` echo /home/user/.ansible/tmp/ansible-tmp-1704450774.0933847-2093-155093940544539 `" && echo ansible-tmp-1704450774.0933847-2093-155093940544539="` echo /home/user/.ansible/tmp/ansible-tmp-1704450774.0933847-2093-155093940544539 `" ) && sleep 0'[0m
[0;34mUsing module file /usr/lib/python3/dist-packages/ansible/modules/lineinfile.py[0m
[0;34m<10.10.0.55> PUT /home/bpelaia/.ansible/tmp/ansible-local-2031bd201gvv/tmpgy8awbl2 TO /home/user/.ansible/tmp/ansible-tmp-1704450774.0933847-2093-155093940544539/AnsiballZ_lineinfile.py[0m
[0;34m<10.10.0.55> EXEC /bin/sh -c 'chmod u+x /home/user/.ansible/tmp/ansible-tmp-1704450774.0933847-2093-155093940544539/ /home/user/.ansible/tmp/ansible-tmp-1704450774.0933847-2093-155093940544539/AnsiballZ_lineinfile.py && sleep 0'[0m
[0;34m<10.10.0.55> EXEC /bin/sh -c 'sudo -H -S -n  -u root /bin/sh -c '"'"'echo BECOME-SUCCESS-ylpbxbhlrbufxwjipbhqeckjghellekh ; /usr/bin/python3.9 /home/user/.ansible/tmp/ansible-tmp-1704450774.0933847-2093-155093940544539/AnsiballZ_lineinfile.py'"'"' && sleep 0'[0m
[0;34m<10.10.0.55> EXEC /bin/sh -c 'rm -f -r /home/user/.ansible/tmp/ansible-tmp-1704450774.0933847-2093-155093940544539/ > /dev/null 2>&1 && sleep 0'[0m
[0;32mok: [splunk-sh1] => (item=splunk-sh2) => {[0m
[0;32m    "ansible_loop_var": "item",[0m
[0;32m    "backup": "",[0m
[0;32m    "changed": false,[0m
[0;32m    "diff": [[0m
[0;32m        {[0m
[0;32m            "after": "",[0m
[0;32m            "after_header": "/etc/hosts (content)",[0m
[0;32m            "before": "",[0m
[0;32m            "before_header": "/etc/hosts (content)"[0m
[0;32m        },[0m
[0;32m        {[0m
[0;32m            "after_header": "/etc/hosts (file attributes)",[0m
[0;32m            "before_header": "/etc/hosts (file attributes)"[0m
[0;32m        }[0m
[0;32m    ],[0m
[0;32m    "invocation": {[0m
[0;32m        "module_args": {[0m
[0;32m            "attributes": null,[0m
[0;32m            "backrefs": false,[0m
[0;32m            "backup": true,[0m
[0;32m            "create": false,[0m
[0;32m            "firstmatch": false,[0m
[0;32m            "group": null,[0m
[0;32m            "insertafter": null,[0m
[0;32m            "insertbefore": null,[0m
[0;32m            "line": "10.10.0.56\tsplunk-sh2",[0m
[0;32m            "mode": null,[0m
[0;32m            "owner": null,[0m
[0;32m            "path": "/etc/hosts",[0m
[0;32m            "regexp": ".*\tsplunk-sh2",[0m
[0;32m            "selevel": null,[0m
[0;32m            "serole": null,[0m
[0;32m            "setype": null,[0m
[0;32m            "seuser": null,[0m
[0;32m            "state": "present",[0m
[0;32m            "unsafe_writes": false,[0m
[0;32m            "validate": null[0m
[0;32m        }[0m
[0;32m    },[0m
[0;32m    "item": "splunk-sh2"[0m
[0;32m}[0m
[0;34m<10.10.0.55> EXEC /bin/sh -c 'echo ~user && sleep 0'[0m
[0;34m<10.10.0.55> EXEC /bin/sh -c '( umask 77 && mkdir -p "` echo /home/user/.ansible/tmp `"&& mkdir "` echo /home/user/.ansible/tmp/ansible-tmp-1704450774.5536118-2093-183460555517530 `" && echo ansible-tmp-1704450774.5536118-2093-183460555517530="` echo /home/user/.ansible/tmp/ansible-tmp-1704450774.5536118-2093-183460555517530 `" ) && sleep 0'[0m
[0;34mUsing module file /usr/lib/python3/dist-packages/ansible/modules/lineinfile.py[0m
[0;34m<10.10.0.55> PUT /home/bpelaia/.ansible/tmp/ansible-local-2031bd201gvv/tmpp0h9y0f4 TO /home/user/.ansible/tmp/ansible-tmp-1704450774.5536118-2093-183460555517530/AnsiballZ_lineinfile.py[0m
[0;34m<10.10.0.55> EXEC /bin/sh -c 'chmod u+x /home/user/.ansible/tmp/ansible-tmp-1704450774.5536118-2093-183460555517530/ /home/user/.ansible/tmp/ansible-tmp-1704450774.5536118-2093-183460555517530/AnsiballZ_lineinfile.py && sleep 0'[0m
[0;34m<10.10.0.55> EXEC /bin/sh -c 'sudo -H -S -n  -u root /bin/sh -c '"'"'echo BECOME-SUCCESS-ulyllbwxomxdpwvhzzdvchihscbeqfgw ; /usr/bin/python3.9 /home/user/.ansible/tmp/ansible-tmp-1704450774.5536118-2093-183460555517530/AnsiballZ_lineinfile.py'"'"' && sleep 0'[0m
[0;34m<10.10.0.55> EXEC /bin/sh -c 'rm -f -r /home/user/.ansible/tmp/ansible-tmp-1704450774.5536118-2093-183460555517530/ > /dev/null 2>&1 && sleep 0'[0m
[0;32mok: [splunk-sh1] => (item=splunk-sh3) => {[0m
[0;32m    "ansible_loop_var": "item",[0m
[0;32m    "backup": "",[0m
[0;32m    "changed": false,[0m
[0;32m    "diff": [[0m
[0;32m        {[0m
[0;32m            "after": "",[0m
[0;32m            "after_header": "/etc/hosts (content)",[0m
[0;32m            "before": "",[0m
[0;32m            "before_header": "/etc/hosts (content)"[0m
[0;32m        },[0m
[0;32m        {[0m
[0;32m            "after_header": "/etc/hosts (file attributes)",[0m
[0;32m            "before_header": "/etc/hosts (file attributes)"[0m
[0;32m        }[0m
[0;32m    ],[0m
[0;32m    "invocation": {[0m
[0;32m        "module_args": {[0m
[0;32m            "attributes": null,[0m
[0;32m            "backrefs": false,[0m
[0;32m            "backup": true,[0m
[0;32m            "create": false,[0m
[0;32m            "firstmatch": false,[0m
[0;32m            "group": null,[0m
[0;32m            "insertafter": null,[0m
[0;32m            "insertbefore": null,[0m
[0;32m            "line": "10.10.0.57\tsplunk-sh3",[0m
[0;32m            "mode": null,[0m
[0;32m            "owner": null,[0m
[0;32m            "path": "/etc/hosts",[0m
[0;32m            "regexp": ".*\tsplunk-sh3",[0m
[0;32m            "selevel": null,[0m
[0;32m            "serole": null,[0m
[0;32m            "setype": null,[0m
[0;32m            "seuser": null,[0m
[0;32m            "state": "present",[0m
[0;32m            "unsafe_writes": false,[0m
[0;32m            "validate": null[0m
[0;32m        }[0m
[0;32m    },[0m
[0;32m    "item": "splunk-sh3"[0m
[0;32m}[0m

TASK [../roles/splunk : Configure SSH keys] ************************************
[1;30mtask path: /home/bpelaia/ansible/ansible-role-for-splunk/roles/splunk/tasks/5m_eav.yml:9[0m
[0;34mredirecting (type: modules) ansible.builtin.authorized_key to ansible.posix.authorized_key[0m
[0;36mincluded: /home/bpelaia/ansible/ansible-role-for-splunk/roles/splunk/tasks/5m_ssh.yml for splunk-sh1[0m

TASK [../roles/splunk : Setup public key authorization] ************************
[1;30mtask path: /home/bpelaia/ansible/ansible-role-for-splunk/roles/splunk/tasks/5m_ssh.yml:2[0m
[0;34m<10.10.0.55> ESTABLISH PARAMIKO SSH CONNECTION FOR USER: user on PORT 22 TO 10.10.0.55[0m
[0;34m<10.10.0.55> EXEC /bin/sh -c 'echo ~user && sleep 0'[0m
[0;34m<10.10.0.55> EXEC /bin/sh -c '( umask 77 && mkdir -p "` echo /home/user/.ansible/tmp `"&& mkdir "` echo /home/user/.ansible/tmp/ansible-tmp-1704450775.2012703-2099-158213895992525 `" && echo ansible-tmp-1704450775.2012703-2099-158213895992525="` echo /home/user/.ansible/tmp/ansible-tmp-1704450775.2012703-2099-158213895992525 `" ) && sleep 0'[0m
[0;34mredirecting (type: modules) ansible.builtin.authorized_key to ansible.posix.authorized_key[0m
[0;34mUsing module file /usr/lib/python3/dist-packages/ansible_collections/ansible/posix/plugins/modules/authorized_key.py[0m
[0;34m<10.10.0.55> PUT /home/bpelaia/.ansible/tmp/ansible-local-2031bd201gvv/tmpw1unwx1b TO /home/user/.ansible/tmp/ansible-tmp-1704450775.2012703-2099-158213895992525/AnsiballZ_authorized_key.py[0m
[0;34m<10.10.0.55> EXEC /bin/sh -c 'chmod u+x /home/user/.ansible/tmp/ansible-tmp-1704450775.2012703-2099-158213895992525/ /home/user/.ansible/tmp/ansible-tmp-1704450775.2012703-2099-158213895992525/AnsiballZ_authorized_key.py && sleep 0'[0m
[0;34m<10.10.0.55> EXEC /bin/sh -c '/usr/bin/python3.9 /home/user/.ansible/tmp/ansible-tmp-1704450775.2012703-2099-158213895992525/AnsiballZ_authorized_key.py && sleep 0'[0m
[0;34m<10.10.0.55> EXEC /bin/sh -c 'rm -f -r /home/user/.ansible/tmp/ansible-tmp-1704450775.2012703-2099-158213895992525/ > /dev/null 2>&1 && sleep 0'[0m
[0;32mok: [splunk-sh1] => (item=ssh-rsa AAAAB3NzaC1yc2EAAAADAQABAAABAQDQ8PR/ClAMSYG15oge8vAbd/1Y8/Chw4i4xEJbJ8TJ0aWc9PRdqWBr6eWsDmpOkw6x7YuNCxhlW2W+7nkhVtdtkmMLurHFwkcjGpHfSYX1BMQydzyH16wDG9gUXbjMdyHhkQbe6X4gAyOIJDPjduoIIk52ogAVE6Cag7yrlZkDC3f87bgjZe01OGGc50aUHIwQuhXsTs9iFAAeL8Bzk+g3Clx7dzQtvHW8ZSR8+lnkAtjJdTbsYLfShxG5lJYzJlkU33umX1Gpp+dbOGg3d7aeBn8vhS7V+y9yPXiWab0rLzsXoF59cKFsDuTwJJb3N3buRkypyqEUBPJV8VFMYe8v pelai@BRUNOP) => {[0m
[0;32m    "ansible_loop_var": "item",[0m
[0;32m    "changed": false,[0m
[0;32m    "comment": null,[0m
[0;32m    "exclusive": false,[0m
[0;32m    "follow": false,[0m
[0;32m    "invocation": {[0m
[0;32m        "module_args": {[0m
[0;32m            "comment": null,[0m
[0;32m            "exclusive": false,[0m
[0;32m            "follow": false,[0m
[0;32m            "key": "ssh-rsa AAAAB3NzaC1yc2EAAAADAQABAAABAQDQ8PR/ClAMSYG15oge8vAbd/1Y8/Chw4i4xEJbJ8TJ0aWc9PRdqWBr6eWsDmpOkw6x7YuNCxhlW2W+7nkhVtdtkmMLurHFwkcjGpHfSYX1BMQydzyH16wDG9gUXbjMdyHhkQbe6X4gAyOIJDPjduoIIk52ogAVE6Cag7yrlZkDC3f87bgjZe01OGGc50aUHIwQuhXsTs9iFAAeL8Bzk+g3Clx7dzQtvHW8ZSR8+lnkAtjJdTbsYLfShxG5lJYzJlkU33umX1Gpp+dbOGg3d7aeBn8vhS7V+y9yPXiWab0rLzsXoF59cKFsDuTwJJb3N3buRkypyqEUBPJV8VFMYe8v pelai@BRUNOP",[0m
[0;32m            "key_options": null,[0m
[0;32m            "keyfile": "/home/user/.ssh/authorized_keys",[0m
[0;32m            "manage_dir": true,[0m
[0;32m            "path": null,[0m
[0;32m            "state": "present",[0m
[0;32m            "user": "user",[0m
[0;32m            "validate_certs": true[0m
[0;32m        }[0m
[0;32m    },[0m
[0;32m    "item": "ssh-rsa AAAAB3NzaC1yc2EAAAADAQABAAABAQDQ8PR/ClAMSYG15oge8vAbd/1Y8/Chw4i4xEJbJ8TJ0aWc9PRdqWBr6eWsDmpOkw6x7YuNCxhlW2W+7nkhVtdtkmMLurHFwkcjGpHfSYX1BMQydzyH16wDG9gUXbjMdyHhkQbe6X4gAyOIJDPjduoIIk52ogAVE6Cag7yrlZkDC3f87bgjZe01OGGc50aUHIwQuhXsTs9iFAAeL8Bzk+g3Clx7dzQtvHW8ZSR8+lnkAtjJdTbsYLfShxG5lJYzJlkU33umX1Gpp+dbOGg3d7aeBn8vhS7V+y9yPXiWab0rLzsXoF59cKFsDuTwJJb3N3buRkypyqEUBPJV8VFMYe8v pelai@BRUNOP",[0m
[0;32m    "key": "ssh-rsa AAAAB3NzaC1yc2EAAAADAQABAAABAQDQ8PR/ClAMSYG15oge8vAbd/1Y8/Chw4i4xEJbJ8TJ0aWc9PRdqWBr6eWsDmpOkw6x7YuNCxhlW2W+7nkhVtdtkmMLurHFwkcjGpHfSYX1BMQydzyH16wDG9gUXbjMdyHhkQbe6X4gAyOIJDPjduoIIk52ogAVE6Cag7yrlZkDC3f87bgjZe01OGGc50aUHIwQuhXsTs9iFAAeL8Bzk+g3Clx7dzQtvHW8ZSR8+lnkAtjJdTbsYLfShxG5lJYzJlkU33umX1Gpp+dbOGg3d7aeBn8vhS7V+y9yPXiWab0rLzsXoF59cKFsDuTwJJb3N3buRkypyqEUBPJV8VFMYe8v pelai@BRUNOP",[0m
[0;32m    "key_options": null,[0m
[0;32m    "keyfile": "/home/user/.ssh/authorized_keys",[0m
[0;32m    "manage_dir": true,[0m
[0;32m    "path": null,[0m
[0;32m    "state": "present",[0m
[0;32m    "user": "user",[0m
[0;32m    "validate_certs": true[0m
[0;32m}[0m
[0;34m<10.10.0.55> EXEC /bin/sh -c 'echo ~user && sleep 0'[0m
[0;34m<10.10.0.55> EXEC /bin/sh -c '( umask 77 && mkdir -p "` echo /home/user/.ansible/tmp `"&& mkdir "` echo /home/user/.ansible/tmp/ansible-tmp-1704450775.8293533-2099-104137710610498 `" && echo ansible-tmp-1704450775.8293533-2099-104137710610498="` echo /home/user/.ansible/tmp/ansible-tmp-1704450775.8293533-2099-104137710610498 `" ) && sleep 0'[0m
[0;34mredirecting (type: modules) ansible.builtin.authorized_key to ansible.posix.authorized_key[0m
[0;34mUsing module file /usr/lib/python3/dist-packages/ansible_collections/ansible/posix/plugins/modules/authorized_key.py[0m
[0;34m<10.10.0.55> PUT /home/bpelaia/.ansible/tmp/ansible-local-2031bd201gvv/tmp4ojhbs98 TO /home/user/.ansible/tmp/ansible-tmp-1704450775.8293533-2099-104137710610498/AnsiballZ_authorized_key.py[0m
[0;34m<10.10.0.55> EXEC /bin/sh -c 'chmod u+x /home/user/.ansible/tmp/ansible-tmp-1704450775.8293533-2099-104137710610498/ /home/user/.ansible/tmp/ansible-tmp-1704450775.8293533-2099-104137710610498/AnsiballZ_authorized_key.py && sleep 0'[0m
[0;34m<10.10.0.55> EXEC /bin/sh -c '/usr/bin/python3.9 /home/user/.ansible/tmp/ansible-tmp-1704450775.8293533-2099-104137710610498/AnsiballZ_authorized_key.py && sleep 0'[0m
[0;34m<10.10.0.55> EXEC /bin/sh -c 'rm -f -r /home/user/.ansible/tmp/ansible-tmp-1704450775.8293533-2099-104137710610498/ > /dev/null 2>&1 && sleep 0'[0m
[0;32mok: [splunk-sh1] => (item=ssh-ed25519 AAAAC3NzaC1lZDI1NTE5AAAAIB1a60kLC2BLeYmO6ZMS0ktcXd4iXvmDRdffaHsuHd7F bruno@pelaia.net) => {[0m
[0;32m    "ansible_loop_var": "item",[0m
[0;32m    "changed": false,[0m
[0;32m    "comment": null,[0m
[0;32m    "exclusive": false,[0m
[0;32m    "follow": false,[0m
[0;32m    "invocation": {[0m
[0;32m        "module_args": {[0m
[0;32m            "comment": null,[0m
[0;32m            "exclusive": false,[0m
[0;32m            "follow": false,[0m
[0;32m            "key": "ssh-ed25519 AAAAC3NzaC1lZDI1NTE5AAAAIB1a60kLC2BLeYmO6ZMS0ktcXd4iXvmDRdffaHsuHd7F bruno@pelaia.net",[0m
[0;32m            "key_options": null,[0m
[0;32m            "keyfile": "/home/user/.ssh/authorized_keys",[0m
[0;32m            "manage_dir": true,[0m
[0;32m            "path": null,[0m
[0;32m            "state": "present",[0m
[0;32m            "user": "user",[0m
[0;32m            "validate_certs": true[0m
[0;32m        }[0m
[0;32m    },[0m
[0;32m    "item": "ssh-ed25519 AAAAC3NzaC1lZDI1NTE5AAAAIB1a60kLC2BLeYmO6ZMS0ktcXd4iXvmDRdffaHsuHd7F bruno@pelaia.net",[0m
[0;32m    "key": "ssh-ed25519 AAAAC3NzaC1lZDI1NTE5AAAAIB1a60kLC2BLeYmO6ZMS0ktcXd4iXvmDRdffaHsuHd7F bruno@pelaia.net",[0m
[0;32m    "key_options": null,[0m
[0;32m    "keyfile": "/home/user/.ssh/authorized_keys",[0m
[0;32m    "manage_dir": true,[0m
[0;32m    "path": null,[0m
[0;32m    "state": "present",[0m
[0;32m    "user": "user",[0m
[0;32m    "validate_certs": true[0m
[0;32m}[0m
[0;34m<10.10.0.55> EXEC /bin/sh -c 'echo ~user && sleep 0'[0m
[0;34m<10.10.0.55> EXEC /bin/sh -c '( umask 77 && mkdir -p "` echo /home/user/.ansible/tmp `"&& mkdir "` echo /home/user/.ansible/tmp/ansible-tmp-1704450776.39178-2099-105236203036837 `" && echo ansible-tmp-1704450776.39178-2099-105236203036837="` echo /home/user/.ansible/tmp/ansible-tmp-1704450776.39178-2099-105236203036837 `" ) && sleep 0'[0m
[0;34mredirecting (type: modules) ansible.builtin.authorized_key to ansible.posix.authorized_key[0m
[0;34mUsing module file /usr/lib/python3/dist-packages/ansible_collections/ansible/posix/plugins/modules/authorized_key.py[0m
[0;34m<10.10.0.55> PUT /home/bpelaia/.ansible/tmp/ansible-local-2031bd201gvv/tmp8xhzpqt3 TO /home/user/.ansible/tmp/ansible-tmp-1704450776.39178-2099-105236203036837/AnsiballZ_authorized_key.py[0m
[0;34m<10.10.0.55> EXEC /bin/sh -c 'chmod u+x /home/user/.ansible/tmp/ansible-tmp-1704450776.39178-2099-105236203036837/ /home/user/.ansible/tmp/ansible-tmp-1704450776.39178-2099-105236203036837/AnsiballZ_authorized_key.py && sleep 0'[0m
[0;34m<10.10.0.55> EXEC /bin/sh -c '/usr/bin/python3.9 /home/user/.ansible/tmp/ansible-tmp-1704450776.39178-2099-105236203036837/AnsiballZ_authorized_key.py && sleep 0'[0m
[0;34m<10.10.0.55> EXEC /bin/sh -c 'rm -f -r /home/user/.ansible/tmp/ansible-tmp-1704450776.39178-2099-105236203036837/ > /dev/null 2>&1 && sleep 0'[0m
[0;32mok: [splunk-sh1] => (item=ssh-ed25519 AAAAC3NzaC1lZDI1NTE5AAAAIJP/L7xKumUgfXUKFZr5YAVugAD+vLUDowyn5zVXqEUQ splunk@EAV) => {[0m
[0;32m    "ansible_loop_var": "item",[0m
[0;32m    "changed": false,[0m
[0;32m    "comment": null,[0m
[0;32m    "exclusive": false,[0m
[0;32m    "follow": false,[0m
[0;32m    "invocation": {[0m
[0;32m        "module_args": {[0m
[0;32m            "comment": null,[0m
[0;32m            "exclusive": false,[0m
[0;32m            "follow": false,[0m
[0;32m            "key": "ssh-ed25519 AAAAC3NzaC1lZDI1NTE5AAAAIJP/L7xKumUgfXUKFZr5YAVugAD+vLUDowyn5zVXqEUQ splunk@EAV",[0m
[0;32m            "key_options": null,[0m
[0;32m            "keyfile": "/home/user/.ssh/authorized_keys",[0m
[0;32m            "manage_dir": true,[0m
[0;32m            "path": null,[0m
[0;32m            "state": "present",[0m
[0;32m            "user": "user",[0m
[0;32m            "validate_certs": true[0m
[0;32m        }[0m
[0;32m    },[0m
[0;32m    "item": "ssh-ed25519 AAAAC3NzaC1lZDI1NTE5AAAAIJP/L7xKumUgfXUKFZr5YAVugAD+vLUDowyn5zVXqEUQ splunk@EAV",[0m
[0;32m    "key": "ssh-ed25519 AAAAC3NzaC1lZDI1NTE5AAAAIJP/L7xKumUgfXUKFZr5YAVugAD+vLUDowyn5zVXqEUQ splunk@EAV",[0m
[0;32m    "key_options": null,[0m
[0;32m    "keyfile": "/home/user/.ssh/authorized_keys",[0m
[0;32m    "manage_dir": true,[0m
[0;32m    "path": null,[0m
[0;32m    "state": "present",[0m
[0;32m    "user": "user",[0m
[0;32m    "validate_certs": true[0m
[0;32m}[0m

TASK [../roles/splunk : Setup private key] *************************************
[1;30mtask path: /home/bpelaia/ansible/ansible-role-for-splunk/roles/splunk/tasks/5m_ssh.yml:13[0m
[0;34m<10.10.0.55> ESTABLISH PARAMIKO SSH CONNECTION FOR USER: user on PORT 22 TO 10.10.0.55[0m
[0;34m<10.10.0.55> EXEC /bin/sh -c 'echo ~user && sleep 0'[0m
[0;34m<10.10.0.55> EXEC /bin/sh -c '( umask 77 && mkdir -p "` echo /home/user/.ansible/tmp `"&& mkdir "` echo /home/user/.ansible/tmp/ansible-tmp-1704450777.108197-2103-206600683185770 `" && echo ansible-tmp-1704450777.108197-2103-206600683185770="` echo /home/user/.ansible/tmp/ansible-tmp-1704450777.108197-2103-206600683185770 `" ) && sleep 0'[0m
[0;34m<10.10.0.55> EXEC /bin/sh -c 'echo ~user && sleep 0'[0m
[0;34mUsing module file /usr/lib/python3/dist-packages/ansible/modules/stat.py[0m
[0;34m<10.10.0.55> PUT /home/bpelaia/.ansible/tmp/ansible-local-2031bd201gvv/tmpgyvk_i4x TO /home/user/.ansible/tmp/ansible-tmp-1704450777.108197-2103-206600683185770/AnsiballZ_stat.py[0m
[0;34m<10.10.0.55> EXEC /bin/sh -c 'chmod u+x /home/user/.ansible/tmp/ansible-tmp-1704450777.108197-2103-206600683185770/ /home/user/.ansible/tmp/ansible-tmp-1704450777.108197-2103-206600683185770/AnsiballZ_stat.py && sleep 0'[0m
[0;34m<10.10.0.55> EXEC /bin/sh -c '/usr/bin/python3.9 /home/user/.ansible/tmp/ansible-tmp-1704450777.108197-2103-206600683185770/AnsiballZ_stat.py && sleep 0'[0m
[0;34m<10.10.0.55> EXEC /bin/sh -c 'rm -f -r /home/user/.ansible/tmp/ansible-tmp-1704450777.108197-2103-206600683185770/ > /dev/null 2>&1 && sleep 0'[0m
[0;32mok: [splunk-sh1] => {[0m
[0;32m    "changed": false,[0m
[0;32m    "dest": "/home/user/.ssh/id_ed25519",[0m
[0;32m    "invocation": {[0m
[0;32m        "decrypt": false,[0m
[0;32m        "dest": "~/.ssh/id_ed25519",[0m
[0;32m        "follow": false,[0m
[0;32m        "force": false,[0m
[0;32m        "mode": 384,[0m
[0;32m        "module_args": {[0m
[0;32m            "decrypt": false,[0m
[0;32m            "dest": "~/.ssh/id_ed25519",[0m
[0;32m            "follow": false,[0m
[0;32m            "force": false,[0m
[0;32m            "mode": 384,[0m
[0;32m            "src": "id_ed25519"[0m
[0;32m        },[0m
[0;32m        "src": "id_ed25519"[0m
[0;32m    },[0m
[0;32m    "src": "/home/bpelaia/ansible/ansible-role-for-splunk/roles/splunk/files/id_ed25519"[0m
[0;32m}[0m

TASK [../roles/splunk : Setup public key] **************************************
[1;30mtask path: /home/bpelaia/ansible/ansible-role-for-splunk/roles/splunk/tasks/5m_ssh.yml:23[0m
[0;34m<10.10.0.55> ESTABLISH PARAMIKO SSH CONNECTION FOR USER: user on PORT 22 TO 10.10.0.55[0m
[0;34m<10.10.0.55> EXEC /bin/sh -c 'echo ~user && sleep 0'[0m
[0;34m<10.10.0.55> EXEC /bin/sh -c '( umask 77 && mkdir -p "` echo /home/user/.ansible/tmp `"&& mkdir "` echo /home/user/.ansible/tmp/ansible-tmp-1704450777.8072581-2107-198429063476837 `" && echo ansible-tmp-1704450777.8072581-2107-198429063476837="` echo /home/user/.ansible/tmp/ansible-tmp-1704450777.8072581-2107-198429063476837 `" ) && sleep 0'[0m
[0;34m<10.10.0.55> EXEC /bin/sh -c 'echo ~user && sleep 0'[0m
[0;34mUsing module file /usr/lib/python3/dist-packages/ansible/modules/stat.py[0m
[0;34m<10.10.0.55> PUT /home/bpelaia/.ansible/tmp/ansible-local-2031bd201gvv/tmpbmyhbff0 TO /home/user/.ansible/tmp/ansible-tmp-1704450777.8072581-2107-198429063476837/AnsiballZ_stat.py[0m
[0;34m<10.10.0.55> EXEC /bin/sh -c 'chmod u+x /home/user/.ansible/tmp/ansible-tmp-1704450777.8072581-2107-198429063476837/ /home/user/.ansible/tmp/ansible-tmp-1704450777.8072581-2107-198429063476837/AnsiballZ_stat.py && sleep 0'[0m
[0;34m<10.10.0.55> EXEC /bin/sh -c '/usr/bin/python3.9 /home/user/.ansible/tmp/ansible-tmp-1704450777.8072581-2107-198429063476837/AnsiballZ_stat.py && sleep 0'[0m
[0;34m<10.10.0.55> EXEC /bin/sh -c 'rm -f -r /home/user/.ansible/tmp/ansible-tmp-1704450777.8072581-2107-198429063476837/ > /dev/null 2>&1 && sleep 0'[0m
[0;32mok: [splunk-sh1] => {[0m
[0;32m    "changed": false,[0m
[0;32m    "dest": "/home/user/.ssh/id_ed25519.pub",[0m
[0;32m    "invocation": {[0m
[0;32m        "decrypt": false,[0m
[0;32m        "dest": "~/.ssh/id_ed25519.pub",[0m
[0;32m        "follow": false,[0m
[0;32m        "force": false,[0m
[0;32m        "mode": 420,[0m
[0;32m        "module_args": {[0m
[0;32m            "decrypt": false,[0m
[0;32m            "dest": "~/.ssh/id_ed25519.pub",[0m
[0;32m            "follow": false,[0m
[0;32m            "force": false,[0m
[0;32m            "mode": 420,[0m
[0;32m            "src": "id_ed25519.pub"[0m
[0;32m        },[0m
[0;32m        "src": "id_ed25519.pub"[0m
[0;32m    },[0m
[0;32m    "src": "/home/bpelaia/ansible/ansible-role-for-splunk/roles/splunk/files/id_ed25519.pub"[0m
[0;32m}[0m
[0;34mMETA: ran handlers[0m
[0;34mMETA: ran handlers[0m

PLAY RECAP *********************************************************************
[0;32msplunk-sh1[0m                 : [0;32mok=18  [0m changed=0    unreachable=0    failed=0    [0;36mskipped=12  [0m rescued=0    ignored=0   

